socket start
topic name A
fileName pub2018-10-22.txt./logpub2018-10-22.txt
while 0
while 180 0
get data 12  data your data222
while 1
socket start
topic name A
fileName ./log/pub2018-10-22.txt
while 0
while 180 0
get data 12  data your data222
while 1
socket start
topic name A
fileName ./log/pub2018-10-22.txt
while 0
while 180 0
get data 12  data your data222
while 1
while 180 1
get data 12  data your data222
while 2
while 180 2
get data 12  data your data222
while 3
while 180 3
get data 12  data your data222
while 4
while 180 4
get data 12  data your data222
while 5
while 180 5
get data 12  data your data222
while 6
while 180 6
get data 4  data exit
end
socket start
topic name A
fileName ./log/pub2018-10-22.txt
while 0
while 180 0
get data 12  data your data222
while 1
while 180 1
get data 12  data your data222
while 2
socket start
socket start
topic name A
fileName ./log/pub2018-10-26.txt
while 0
while 180 0
get data 9  data your data
while 1
socket start
topic name A
fileName ./log/pub2019-2-15.txt
while 0
while 180 0
get data 9  data your data
while 1
while 180 1
get data 9  data your data
while 2
while 180 2
get data 9  data your data
while 3
socket start
topic name A
fileName ./log/pub2019-2-15.txt
while 0
socket start
topic name A
fileName ./log/pub2019-2-15.txt
while 0
socket start
topic name A
fileName ./log/pub2019-2-15.txt
while 0
socket start
topic name A
fileName ./log/pub2019-2-15.txt
while 0
socket start
topic name A
fileName ./log/pub2019-2-15.txt
while 0
while 180 0
get data 9  data your data
while 1
while 180 1
get data 4  data exit
end
socket start
topic name A
fileName ./log/pub2019-2-15.txt
while 0
while 180 0
get data 9  data your data
while 1
socket start
topic name 
fileName ./log/pub2019-3-5.txt
while 0
while 180 0
err-1
end
socket start
topic name UPS
fileName ./log/pub2019-3-5.txt
while 0
while 180 0
get data 4  data fdsf
while 1
while 180 1
get data 4  data exit
end
socket start
topic name A
fileName ./log/pub2019-3-5.txt
while 0
while 180 0
get data 4  data fdsf
while 1
while 180 1
get data 4  data fdsf
while 2
while 180 2
get data 5  data fdsf2
while 3
